{
  "stats": {
    "suites": 1,
    "tests": 4,
    "passes": 2,
    "pending": 0,
    "failures": 2,
    "start": "2023-02-07T10:23:47.541Z",
    "end": "2023-02-07T10:23:55.693Z",
    "duration": 8152,
    "testsRegistered": 4,
    "passPercent": 50,
    "pendingPercent": 0,
    "other": 0,
    "hasOther": false,
    "skipped": 0,
    "hasSkipped": false
  },
  "results": [
    {
      "uuid": "419a773a-8344-4932-bb59-13f290e9decf",
      "title": "",
      "fullFile": "cypress\\e2e\\API\\gorest.cy.js",
      "file": "cypress\\e2e\\API\\gorest.cy.js",
      "beforeHooks": [],
      "afterHooks": [],
      "tests": [],
      "suites": [
        {
          "uuid": "b1945e57-5113-47be-bd91-156ab91fb69f",
          "title": "verify the Gorest API",
          "fullFile": "",
          "file": "",
          "beforeHooks": [],
          "afterHooks": [],
          "tests": [
            {
              "title": "verify the GET API",
              "fullTitle": "verify the Gorest API verify the GET API",
              "timedOut": null,
              "duration": 2289,
              "state": "passed",
              "speed": "fast",
              "pass": true,
              "fail": false,
              "pending": false,
              "context": null,
              "code": "cy.request({\n  method: \"GET\",\n  url: \"https://gorest.co.in/public/v2/users\",\n  headers: {\n    'Authorization': `Bearer ${accessToken}`\n  }\n}).then(function (res) {\n  cy.log(res);\n  expect(res.status).to.eq(200);\n  expect(res.body.length).to.eq(10);\n  expect(res.duration).to.be.lessThan(1000);\n  res.body.forEach(element => {\n    expect(element).to.have.keys([\"id\", \"name\", \"email\", \"status\", \"gender\"]);\n  });\n  res.body.forEach(element => {\n    expect(element.id).not.to.null;\n    expect(element.name).not.to.null;\n    expect(element.email).not.to.null;\n    expect(element.status).not.to.null;\n    expect(element.gender).not.to.null;\n  });\n});",
              "err": {},
              "uuid": "9149f057-e3c9-44c8-925c-bd84dc0ea77f",
              "parentUUID": "b1945e57-5113-47be-bd91-156ab91fb69f",
              "isHook": false,
              "skipped": false
            },
            {
              "title": "verify the POST API",
              "fullTitle": "verify the Gorest API verify the POST API",
              "timedOut": null,
              "duration": 483,
              "state": "passed",
              "speed": "fast",
              "pass": true,
              "fail": false,
              "pending": false,
              "context": null,
              "code": "cy.request({\n  method: \"POST\",\n  url: \"https://gorest.co.in/public/v2/users\",\n  body: {\n    name: \"Tenali Ramakrishna\",\n    gender: \"male\",\n    email: `tenali.ramakrshna${Math.floor(Math.random() * 100000)}@145ce.com`,\n    status: \"active\"\n  },\n  headers: {\n    'Authorization': `Bearer ${accessToken}`\n  }\n}).then(function (res) {\n  cy.log(res);\n  expect(res.status).to.eq(201);\n  expect(res.duration).to.lessThan(1000);\n  expect(res.body).to.have.keys(\"id\", \"name\", \"gender\", \"status\", \"email\");\n});",
              "err": {},
              "uuid": "75c81098-9e46-4f2d-af5d-ff62a0b83de1",
              "parentUUID": "b1945e57-5113-47be-bd91-156ab91fb69f",
              "isHook": false,
              "skipped": false
            },
            {
              "title": "verify the PUT API",
              "fullTitle": "verify the Gorest API verify the PUT API",
              "timedOut": null,
              "duration": 2185,
              "state": "failed",
              "speed": null,
              "pass": false,
              "fail": true,
              "pending": false,
              "context": "{\n  \"title\": \"cypress-mochawesome-reporter-screenshots\",\n  \"value\": [\n    [\n      {\n        \"title\": \"Failed screenshot\",\n        \"value\": \"\\\\API\\\\gorest.cy.js\\\\verify the Gorest API -- verify the PUT API (failed) (2).png\"\n      }\n    ]\n  ]\n}",
              "code": "cy.request({\n  method: \"PUT\",\n  url: \"https://gorest.co.in/public/v2/users/20\",\n  headers: {\n    'Authorization': `Bearer ${accessToken}`\n  },\n  body: {\n    name: \"Allasani Peddana\",\n    email: `allasani.peddana${Math.floor(Math.random() * 100000)}@15ce.com`,\n    status: \"active\"\n  }\n}).then(res => {\n  cy.log(res);\n  expect(res.status).to.eq(200);\n  expect(res.body).to.have.keys(\"id\", \"name\", \"gender\", \"status\", \"email\");\n});",
              "err": {
                "message": "CypressError: `cy.request()` failed on:\n\nhttps://gorest.co.in/public/v2/users/20\n\nThe response we received from your web server was:\n\n  > 404: Not Found\n\nThis was considered a failure because the status code was not `2xx` or `3xx`.\n\nIf you do not want status codes to cause failures pass the option: `failOnStatusCode: false`\n\n-----------------------------------------------------------\n\nThe request we sent was:\n\nMethod: PUT\nURL: https://gorest.co.in/public/v2/users/20\nHeaders: {\n  \"Connection\": \"keep-alive\",\n  \"Authorization\": \"Bearer 0330e52add8d99569bb9f7c32af269b0ef53f066a585e86906812056c05718d8\",\n  \"user-agent\": \"Mozilla/5.0 (Windows NT 10.0; Win64; x64) AppleWebKit/537.36 (KHTML, like Gecko) Cypress/10.7.0 Chrome/102.0.5005.148 Electron/19.0.8 Safari/537.36\",\n  \"accept\": \"*/*\",\n  \"accept-encoding\": \"gzip, deflate\",\n  \"content-type\": \"application/json\",\n  \"content-length\": 86\n}\nBody: {\"name\":\"Allasani Peddana\",\"email\":\"allasani.peddana45007@15ce.com\",\"status\":\"active\"}\n\n-----------------------------------------------------------\n\nThe response we got was:\n\nStatus: 404 - Not Found\nHeaders: {\n  \"date\": \"Tue, 07 Feb 2023 10:23:51 GMT\",\n  \"content-type\": \"application/json; charset=utf-8\",\n  \"transfer-encoding\": \"chunked\",\n  \"connection\": \"keep-alive\",\n  \"cache-control\": \"no-cache\",\n  \"referrer-policy\": \"strict-origin-when-cross-origin\",\n  \"vary\": \"Origin\",\n  \"x-content-type-options\": \"nosniff\",\n  \"x-download-options\": \"noopen\",\n  \"x-frame-options\": \"SAMEORIGIN\",\n  \"x-permitted-cross-domain-policies\": \"none\",\n  \"x-ratelimit-limit\": \"90\",\n  \"x-ratelimit-remaining\": \"89\",\n  \"x-ratelimit-reset\": \"2\",\n  \"x-request-id\": \"d3a6031d-da9f-4a0a-aa63-246ec638bf36\",\n  \"x-runtime\": \"0.036143\",\n  \"x-xss-protection\": \"0\",\n  \"cf-cache-status\": \"DYNAMIC\",\n  \"report-to\": \"{\\\"endpoints\\\":[{\\\"url\\\":\\\"https:\\\\/\\\\/a.nel.cloudflare.com\\\\/report\\\\/v3?s=dJr5bwbyvHQTGpahy6f1yit%2BXC9%2BxcKCebMR%2BA6au0CLymZkoqr5tXptqAPkAUgex%2FwvoO7yB1Owu6rb82Jtxr8RhK8rl3Jy5VMzOX%2FOD2tCLX1rMKcCPzjv1fYUOZSPn7z8JheiPxvh5mg%3D\\\"}],\\\"group\\\":\\\"cf-nel\\\",\\\"max_age\\\":604800}\",\n  \"nel\": \"{\\\"success_fraction\\\":0,\\\"report_to\\\":\\\"cf-nel\\\",\\\"max_age\\\":604800}\",\n  \"server\": \"cloudflare\",\n  \"cf-ray\": \"795b6998886e85ab-BOM\",\n  \"content-encoding\": \"gzip\",\n  \"alt-svc\": \"h3=\\\":443\\\"; ma=86400, h3-29=\\\":443\\\"; ma=86400\"\n}\nBody: {\n  \"message\": \"Resource not found\"\n}\n\n\nhttps://on.cypress.io/request",
                "estack": "CypressError: `cy.request()` failed on:\n\nhttps://gorest.co.in/public/v2/users/20\n\nThe response we received from your web server was:\n\n  > 404: Not Found\n\nThis was considered a failure because the status code was not `2xx` or `3xx`.\n\nIf you do not want status codes to cause failures pass the option: `failOnStatusCode: false`\n\n-----------------------------------------------------------\n\nThe request we sent was:\n\nMethod: PUT\nURL: https://gorest.co.in/public/v2/users/20\nHeaders: {\n  \"Connection\": \"keep-alive\",\n  \"Authorization\": \"Bearer 0330e52add8d99569bb9f7c32af269b0ef53f066a585e86906812056c05718d8\",\n  \"user-agent\": \"Mozilla/5.0 (Windows NT 10.0; Win64; x64) AppleWebKit/537.36 (KHTML, like Gecko) Cypress/10.7.0 Chrome/102.0.5005.148 Electron/19.0.8 Safari/537.36\",\n  \"accept\": \"*/*\",\n  \"accept-encoding\": \"gzip, deflate\",\n  \"content-type\": \"application/json\",\n  \"content-length\": 86\n}\nBody: {\"name\":\"Allasani Peddana\",\"email\":\"allasani.peddana45007@15ce.com\",\"status\":\"active\"}\n\n-----------------------------------------------------------\n\nThe response we got was:\n\nStatus: 404 - Not Found\nHeaders: {\n  \"date\": \"Tue, 07 Feb 2023 10:23:51 GMT\",\n  \"content-type\": \"application/json; charset=utf-8\",\n  \"transfer-encoding\": \"chunked\",\n  \"connection\": \"keep-alive\",\n  \"cache-control\": \"no-cache\",\n  \"referrer-policy\": \"strict-origin-when-cross-origin\",\n  \"vary\": \"Origin\",\n  \"x-content-type-options\": \"nosniff\",\n  \"x-download-options\": \"noopen\",\n  \"x-frame-options\": \"SAMEORIGIN\",\n  \"x-permitted-cross-domain-policies\": \"none\",\n  \"x-ratelimit-limit\": \"90\",\n  \"x-ratelimit-remaining\": \"89\",\n  \"x-ratelimit-reset\": \"2\",\n  \"x-request-id\": \"d3a6031d-da9f-4a0a-aa63-246ec638bf36\",\n  \"x-runtime\": \"0.036143\",\n  \"x-xss-protection\": \"0\",\n  \"cf-cache-status\": \"DYNAMIC\",\n  \"report-to\": \"{\\\"endpoints\\\":[{\\\"url\\\":\\\"https:\\\\/\\\\/a.nel.cloudflare.com\\\\/report\\\\/v3?s=dJr5bwbyvHQTGpahy6f1yit%2BXC9%2BxcKCebMR%2BA6au0CLymZkoqr5tXptqAPkAUgex%2FwvoO7yB1Owu6rb82Jtxr8RhK8rl3Jy5VMzOX%2FOD2tCLX1rMKcCPzjv1fYUOZSPn7z8JheiPxvh5mg%3D\\\"}],\\\"group\\\":\\\"cf-nel\\\",\\\"max_age\\\":604800}\",\n  \"nel\": \"{\\\"success_fraction\\\":0,\\\"report_to\\\":\\\"cf-nel\\\",\\\"max_age\\\":604800}\",\n  \"server\": \"cloudflare\",\n  \"cf-ray\": \"795b6998886e85ab-BOM\",\n  \"content-encoding\": \"gzip\",\n  \"alt-svc\": \"h3=\\\":443\\\"; ma=86400, h3-29=\\\":443\\\"; ma=86400\"\n}\nBody: {\n  \"message\": \"Resource not found\"\n}\n\n\nhttps://on.cypress.io/request\n    at http://localhost:59621/__cypress/runner/cypress_runner.js:143948:80\n    at tryCatcher (http://localhost:59621/__cypress/runner/cypress_runner.js:11318:23)\n    at Promise._settlePromiseFromHandler (http://localhost:59621/__cypress/runner/cypress_runner.js:9253:31)\n    at Promise._settlePromise (http://localhost:59621/__cypress/runner/cypress_runner.js:9310:18)\n    at Promise._settlePromise0 (http://localhost:59621/__cypress/runner/cypress_runner.js:9355:10)\n    at Promise._settlePromises (http://localhost:59621/__cypress/runner/cypress_runner.js:9435:18)\n    at _drainQueueStep (http://localhost:59621/__cypress/runner/cypress_runner.js:6025:12)\n    at _drainQueue (http://localhost:59621/__cypress/runner/cypress_runner.js:6018:9)\n    at ../../node_modules/bluebird/js/release/async.js.Async._drainQueues (http://localhost:59621/__cypress/runner/cypress_runner.js:6034:5)\n    at Async.drainQueues (http://localhost:59621/__cypress/runner/cypress_runner.js:5904:14)\nFrom Your Spec Code:\n    at Context.eval (http://localhost:59621/__cypress/tests?p=cypress\\e2e\\API\\gorest.cy.js:147:8)",
                "diff": null
              },
              "uuid": "ddb79c28-631d-476f-b5bf-c04f4884d7a1",
              "parentUUID": "b1945e57-5113-47be-bd91-156ab91fb69f",
              "isHook": false,
              "skipped": false
            },
            {
              "title": "verify the DELETE API",
              "fullTitle": "verify the Gorest API verify the DELETE API",
              "timedOut": null,
              "duration": 1385,
              "state": "failed",
              "speed": null,
              "pass": false,
              "fail": true,
              "pending": false,
              "context": "{\n  \"title\": \"cypress-mochawesome-reporter-screenshots\",\n  \"value\": [\n    [\n      {\n        \"title\": \"Failed screenshot\",\n        \"value\": \"\\\\API\\\\gorest.cy.js\\\\verify the Gorest API -- verify the DELETE API (failed) (2).png\"\n      }\n    ]\n  ]\n}",
              "code": "cy.request({\n  method: \"DELETE\",\n  url: \"https://gorest.co.in/public/v2/users/20\",\n  headers: {\n    'Authorization': `Bearer ${accessToken}`\n  }\n}).then(res => {\n  cy.log(res);\n  expect(res.status).to.eq(204);\n});",
              "err": {
                "message": "CypressError: `cy.request()` failed on:\n\nhttps://gorest.co.in/public/v2/users/20\n\nThe response we received from your web server was:\n\n  > 404: Not Found\n\nThis was considered a failure because the status code was not `2xx` or `3xx`.\n\nIf you do not want status codes to cause failures pass the option: `failOnStatusCode: false`\n\n-----------------------------------------------------------\n\nThe request we sent was:\n\nMethod: DELETE\nURL: https://gorest.co.in/public/v2/users/20\nHeaders: {\n  \"Connection\": \"keep-alive\",\n  \"Authorization\": \"Bearer 0330e52add8d99569bb9f7c32af269b0ef53f066a585e86906812056c05718d8\",\n  \"user-agent\": \"Mozilla/5.0 (Windows NT 10.0; Win64; x64) AppleWebKit/537.36 (KHTML, like Gecko) Cypress/10.7.0 Chrome/102.0.5005.148 Electron/19.0.8 Safari/537.36\",\n  \"accept\": \"*/*\",\n  \"accept-encoding\": \"gzip, deflate\",\n  \"content-length\": 0\n}\n\n-----------------------------------------------------------\n\nThe response we got was:\n\nStatus: 404 - Not Found\nHeaders: {\n  \"date\": \"Tue, 07 Feb 2023 10:23:54 GMT\",\n  \"content-type\": \"application/json; charset=utf-8\",\n  \"transfer-encoding\": \"chunked\",\n  \"connection\": \"keep-alive\",\n  \"cache-control\": \"no-cache\",\n  \"referrer-policy\": \"strict-origin-when-cross-origin\",\n  \"vary\": \"Origin\",\n  \"x-content-type-options\": \"nosniff\",\n  \"x-download-options\": \"noopen\",\n  \"x-frame-options\": \"SAMEORIGIN\",\n  \"x-permitted-cross-domain-policies\": \"none\",\n  \"x-ratelimit-limit\": \"90\",\n  \"x-ratelimit-remaining\": \"88\",\n  \"x-ratelimit-reset\": \"1\",\n  \"x-request-id\": \"e7b77128-85ce-4f8b-9699-0b7d0eafd914\",\n  \"x-runtime\": \"0.034920\",\n  \"x-xss-protection\": \"0\",\n  \"cf-cache-status\": \"DYNAMIC\",\n  \"report-to\": \"{\\\"endpoints\\\":[{\\\"url\\\":\\\"https:\\\\/\\\\/a.nel.cloudflare.com\\\\/report\\\\/v3?s=5jPwM%2F%2BAWBvj33J9EGM%2FgA%2BL38zy2aKmSt%2FBSZIHv1ZUG%2FsGdSQDO%2FuI93pNl1%2BGGt495re4uNa5fIgzjJH3DxI9IMwJ4fMUuc%2BgvMbNqNH2OSeCtuWR3eTM2EekU9kAsKR5VC7df3sRmwU%3D\\\"}],\\\"group\\\":\\\"cf-nel\\\",\\\"max_age\\\":604800}\",\n  \"nel\": \"{\\\"success_fraction\\\":0,\\\"report_to\\\":\\\"cf-nel\\\",\\\"max_age\\\":604800}\",\n  \"server\": \"cloudflare\",\n  \"cf-ray\": \"795b69abfcd385ab-BOM\",\n  \"content-encoding\": \"gzip\",\n  \"alt-svc\": \"h3=\\\":443\\\"; ma=86400, h3-29=\\\":443\\\"; ma=86400\"\n}\nBody: {\n  \"message\": \"Resource not found\"\n}\n\n\nhttps://on.cypress.io/request",
                "estack": "CypressError: `cy.request()` failed on:\n\nhttps://gorest.co.in/public/v2/users/20\n\nThe response we received from your web server was:\n\n  > 404: Not Found\n\nThis was considered a failure because the status code was not `2xx` or `3xx`.\n\nIf you do not want status codes to cause failures pass the option: `failOnStatusCode: false`\n\n-----------------------------------------------------------\n\nThe request we sent was:\n\nMethod: DELETE\nURL: https://gorest.co.in/public/v2/users/20\nHeaders: {\n  \"Connection\": \"keep-alive\",\n  \"Authorization\": \"Bearer 0330e52add8d99569bb9f7c32af269b0ef53f066a585e86906812056c05718d8\",\n  \"user-agent\": \"Mozilla/5.0 (Windows NT 10.0; Win64; x64) AppleWebKit/537.36 (KHTML, like Gecko) Cypress/10.7.0 Chrome/102.0.5005.148 Electron/19.0.8 Safari/537.36\",\n  \"accept\": \"*/*\",\n  \"accept-encoding\": \"gzip, deflate\",\n  \"content-length\": 0\n}\n\n-----------------------------------------------------------\n\nThe response we got was:\n\nStatus: 404 - Not Found\nHeaders: {\n  \"date\": \"Tue, 07 Feb 2023 10:23:54 GMT\",\n  \"content-type\": \"application/json; charset=utf-8\",\n  \"transfer-encoding\": \"chunked\",\n  \"connection\": \"keep-alive\",\n  \"cache-control\": \"no-cache\",\n  \"referrer-policy\": \"strict-origin-when-cross-origin\",\n  \"vary\": \"Origin\",\n  \"x-content-type-options\": \"nosniff\",\n  \"x-download-options\": \"noopen\",\n  \"x-frame-options\": \"SAMEORIGIN\",\n  \"x-permitted-cross-domain-policies\": \"none\",\n  \"x-ratelimit-limit\": \"90\",\n  \"x-ratelimit-remaining\": \"88\",\n  \"x-ratelimit-reset\": \"1\",\n  \"x-request-id\": \"e7b77128-85ce-4f8b-9699-0b7d0eafd914\",\n  \"x-runtime\": \"0.034920\",\n  \"x-xss-protection\": \"0\",\n  \"cf-cache-status\": \"DYNAMIC\",\n  \"report-to\": \"{\\\"endpoints\\\":[{\\\"url\\\":\\\"https:\\\\/\\\\/a.nel.cloudflare.com\\\\/report\\\\/v3?s=5jPwM%2F%2BAWBvj33J9EGM%2FgA%2BL38zy2aKmSt%2FBSZIHv1ZUG%2FsGdSQDO%2FuI93pNl1%2BGGt495re4uNa5fIgzjJH3DxI9IMwJ4fMUuc%2BgvMbNqNH2OSeCtuWR3eTM2EekU9kAsKR5VC7df3sRmwU%3D\\\"}],\\\"group\\\":\\\"cf-nel\\\",\\\"max_age\\\":604800}\",\n  \"nel\": \"{\\\"success_fraction\\\":0,\\\"report_to\\\":\\\"cf-nel\\\",\\\"max_age\\\":604800}\",\n  \"server\": \"cloudflare\",\n  \"cf-ray\": \"795b69abfcd385ab-BOM\",\n  \"content-encoding\": \"gzip\",\n  \"alt-svc\": \"h3=\\\":443\\\"; ma=86400, h3-29=\\\":443\\\"; ma=86400\"\n}\nBody: {\n  \"message\": \"Resource not found\"\n}\n\n\nhttps://on.cypress.io/request\n    at http://localhost:59621/__cypress/runner/cypress_runner.js:143948:80\n    at tryCatcher (http://localhost:59621/__cypress/runner/cypress_runner.js:11318:23)\n    at Promise._settlePromiseFromHandler (http://localhost:59621/__cypress/runner/cypress_runner.js:9253:31)\n    at Promise._settlePromise (http://localhost:59621/__cypress/runner/cypress_runner.js:9310:18)\n    at Promise._settlePromise0 (http://localhost:59621/__cypress/runner/cypress_runner.js:9355:10)\n    at Promise._settlePromises (http://localhost:59621/__cypress/runner/cypress_runner.js:9435:18)\n    at _drainQueueStep (http://localhost:59621/__cypress/runner/cypress_runner.js:6025:12)\n    at _drainQueue (http://localhost:59621/__cypress/runner/cypress_runner.js:6018:9)\n    at ../../node_modules/bluebird/js/release/async.js.Async._drainQueues (http://localhost:59621/__cypress/runner/cypress_runner.js:6034:5)\n    at Async.drainQueues (http://localhost:59621/__cypress/runner/cypress_runner.js:5904:14)\nFrom Your Spec Code:\n    at Context.eval (http://localhost:59621/__cypress/tests?p=cypress\\e2e\\API\\gorest.cy.js:165:8)",
                "diff": null
              },
              "uuid": "3bc24714-9c49-475a-b99f-c82a78cb7f87",
              "parentUUID": "b1945e57-5113-47be-bd91-156ab91fb69f",
              "isHook": false,
              "skipped": false
            }
          ],
          "suites": [],
          "passes": [
            "9149f057-e3c9-44c8-925c-bd84dc0ea77f",
            "75c81098-9e46-4f2d-af5d-ff62a0b83de1"
          ],
          "failures": [
            "ddb79c28-631d-476f-b5bf-c04f4884d7a1",
            "3bc24714-9c49-475a-b99f-c82a78cb7f87"
          ],
          "pending": [],
          "skipped": [],
          "duration": 6342,
          "root": false,
          "rootEmpty": false,
          "_timeout": 2000
        }
      ],
      "passes": [],
      "failures": [],
      "pending": [],
      "skipped": [],
      "duration": 0,
      "root": true,
      "rootEmpty": true,
      "_timeout": 2000
    }
  ],
  "meta": {
    "mocha": {
      "version": "7.0.1"
    },
    "mochawesome": {
      "options": {
        "quiet": false,
        "reportFilename": "mochawesome",
        "saveHtml": false,
        "saveJson": true,
        "consoleReporter": "spec",
        "useInlineDiffs": false,
        "code": true
      },
      "version": "7.1.3"
    },
    "marge": {
      "options": {
        "charts": true,
        "reportPageTitle": "custom-title",
        "embeddedScreenshots": true,
        "inlineAssets": true,
        "saveAllAttempts": false,
        "overwrite": false,
        "html": false,
        "json": true,
        "reportDir": "cypress\\reports\\html\\.jsons"
      },
      "version": "6.2.0"
    }
  }
}