{
  "stats": {
    "suites": 1,
    "tests": 3,
    "passes": 3,
    "pending": 0,
    "failures": 0,
    "start": "2023-02-07T10:40:30.284Z",
    "end": "2023-02-07T10:40:35.749Z",
    "duration": 5465,
    "testsRegistered": 3,
    "passPercent": 100,
    "pendingPercent": 0,
    "other": 0,
    "hasOther": false,
    "skipped": 0,
    "hasSkipped": false
  },
  "results": [
    {
      "uuid": "2c4f54c6-51ec-430d-b70d-bf62298e6776",
      "title": "",
      "fullFile": "cypress\\e2e\\Intercept\\api.cy.js",
      "file": "cypress\\e2e\\Intercept\\api.cy.js",
      "beforeHooks": [],
      "afterHooks": [],
      "tests": [],
      "suites": [
        {
          "uuid": "96bd4b84-d9f6-457c-86cd-a3c552138ad8",
          "title": "verify the kitchen API elements",
          "fullFile": "",
          "file": "",
          "beforeHooks": [],
          "afterHooks": [],
          "tests": [
            {
              "title": "verify the GET comment",
              "fullTitle": "verify the kitchen API elements verify the GET comment",
              "timedOut": null,
              "duration": 2867,
              "state": "passed",
              "speed": "fast",
              "pass": true,
              "fail": false,
              "pending": false,
              "context": null,
              "code": "cy.request({\n  method: \"GET\",\n  url: \"https://jsonplaceholder.cypress.io/comments/1\"\n}).then(function (res) {\n  cy.log(res);\n  expect(res.status).to.eq(200);\n});",
              "err": {},
              "uuid": "f6dff524-7dbf-4068-a808-5694dca31f8f",
              "parentUUID": "96bd4b84-d9f6-457c-86cd-a3c552138ad8",
              "isHook": false,
              "skipped": false
            },
            {
              "title": "TC_02",
              "fullTitle": "verify the kitchen API elements TC_02",
              "timedOut": null,
              "duration": 1098,
              "state": "passed",
              "speed": "fast",
              "pass": true,
              "fail": false,
              "pending": false,
              "context": null,
              "code": "cy.request({\n  method: \"POST\",\n  url: \"https://jsonplaceholder.cypress.io/comments\",\n  body: {\n    \"name\": \"Using POST in cy.intercept()\",\n    \"email\": \"hello@cypress.io\",\n    \"body\": \"You can change the method used for cy.intercept() to be GET, POST, PUT, PATCH, or DELETE\"\n  }\n}).then(function (res) {\n  cy.log(res);\n  expect(res.status).to.eq(201);\n});",
              "err": {},
              "uuid": "3a51dc93-6c6b-4b72-a8ee-c6019b4b871c",
              "parentUUID": "96bd4b84-d9f6-457c-86cd-a3c552138ad8",
              "isHook": false,
              "skipped": false
            },
            {
              "title": "verify the PUT comment",
              "fullTitle": "verify the kitchen API elements verify the PUT comment",
              "timedOut": null,
              "duration": 981,
              "state": "passed",
              "speed": "fast",
              "pass": true,
              "fail": false,
              "pending": false,
              "context": null,
              "code": "cy.request({\n  method: \"PUT\",\n  url: \"https://jsonplaceholder.cypress.io/comments/1\",\n  body: {\n    \"name\": \"Using POST in cy.intercept()\",\n    \"email\": \"hello@cypress.io\",\n    \"body\": \"You can change the method used for cy.intercept() to be GET, POST, PUT, PATCH, or DELETE\"\n  }\n}).then(function (res) {\n  cy.log(res);\n  expect(res.status).to.eq(200);\n});",
              "err": {},
              "uuid": "b3625164-d0a8-48c0-81d9-bdb8d5c5b17b",
              "parentUUID": "96bd4b84-d9f6-457c-86cd-a3c552138ad8",
              "isHook": false,
              "skipped": false
            }
          ],
          "suites": [],
          "passes": [
            "f6dff524-7dbf-4068-a808-5694dca31f8f",
            "3a51dc93-6c6b-4b72-a8ee-c6019b4b871c",
            "b3625164-d0a8-48c0-81d9-bdb8d5c5b17b"
          ],
          "failures": [],
          "pending": [],
          "skipped": [],
          "duration": 4946,
          "root": false,
          "rootEmpty": false,
          "_timeout": 2000
        }
      ],
      "passes": [],
      "failures": [],
      "pending": [],
      "skipped": [],
      "duration": 0,
      "root": true,
      "rootEmpty": true,
      "_timeout": 2000
    }
  ],
  "meta": {
    "mocha": {
      "version": "7.0.1"
    },
    "mochawesome": {
      "options": {
        "quiet": false,
        "reportFilename": "mochawesome",
        "saveHtml": false,
        "saveJson": true,
        "consoleReporter": "spec",
        "useInlineDiffs": false,
        "code": true
      },
      "version": "7.1.3"
    },
    "marge": {
      "options": {
        "charts": true,
        "reportPageTitle": "custom-title",
        "embeddedScreenshots": true,
        "inlineAssets": true,
        "saveAllAttempts": false,
        "overwrite": false,
        "html": false,
        "json": true,
        "reportDir": "cypress\\reports\\html\\.jsons"
      },
      "version": "6.2.0"
    }
  }
}