{
  "stats": {
    "suites": 1,
    "tests": 3,
    "passes": 3,
    "pending": 0,
    "failures": 0,
    "start": "2023-02-07T10:27:45.050Z",
    "end": "2023-02-07T10:28:33.477Z",
    "duration": 48427,
    "testsRegistered": 3,
    "passPercent": 100,
    "pendingPercent": 0,
    "other": 0,
    "hasOther": false,
    "skipped": 0,
    "hasSkipped": false
  },
  "results": [
    {
      "uuid": "3cd4ef0f-470f-451b-ba61-845e24cb6d31",
      "title": "",
      "fullFile": "cypress\\e2e\\fixtures\\contactus.cy.js",
      "file": "cypress\\e2e\\fixtures\\contactus.cy.js",
      "beforeHooks": [],
      "afterHooks": [],
      "tests": [],
      "suites": [
        {
          "uuid": "5d936847-9f29-44f5-9f89-005aeb91ffef",
          "title": "verify the contactus form",
          "fullFile": "",
          "file": "",
          "beforeHooks": [],
          "afterHooks": [],
          "tests": [
            {
              "title": "verify the multiple data -1",
              "fullTitle": "verify the contactus form verify the multiple data -1",
              "timedOut": null,
              "duration": 15666,
              "state": "passed",
              "speed": "slow",
              "pass": true,
              "fail": false,
              "pending": false,
              "context": null,
              "code": "cy.visit('https://webdriveruniversity.com/Contact-Us/contactus.html');\ncy.get('input[name=\"first_name\"]').type(el.firstName);\ncy.get('input[name=\"last_name\"]').type(el.lastName);\ncy.get('input[name=\"email\"]').type(el.email);\ncy.get('textarea[name=\"message\"]').type(el.comments);\ncy.get('input[value=\"SUBMIT\"]').click();\ncy.get('h1').should('have.text', 'Thank You for your Message!');",
              "err": {},
              "uuid": "6e9be998-a3f9-4417-b206-3edf72483b7e",
              "parentUUID": "5d936847-9f29-44f5-9f89-005aeb91ffef",
              "isHook": false,
              "skipped": false
            },
            {
              "title": "verify the multiple data -2",
              "fullTitle": "verify the contactus form verify the multiple data -2",
              "timedOut": null,
              "duration": 9196,
              "state": "passed",
              "speed": "medium",
              "pass": true,
              "fail": false,
              "pending": false,
              "context": null,
              "code": "cy.visit('https://webdriveruniversity.com/Contact-Us/contactus.html');\ncy.get('input[name=\"first_name\"]').type(el.firstName);\ncy.get('input[name=\"last_name\"]').type(el.lastName);\ncy.get('input[name=\"email\"]').type(el.email);\ncy.get('textarea[name=\"message\"]').type(el.comments);\ncy.get('input[value=\"SUBMIT\"]').click();\ncy.get('h1').should('have.text', 'Thank You for your Message!');",
              "err": {},
              "uuid": "cfd491fa-8daf-403a-91f8-cdc5632d6705",
              "parentUUID": "5d936847-9f29-44f5-9f89-005aeb91ffef",
              "isHook": false,
              "skipped": false
            },
            {
              "title": "verify the multiple data -3",
              "fullTitle": "verify the contactus form verify the multiple data -3",
              "timedOut": null,
              "duration": 8200,
              "state": "passed",
              "speed": "medium",
              "pass": true,
              "fail": false,
              "pending": false,
              "context": null,
              "code": "cy.visit('https://webdriveruniversity.com/Contact-Us/contactus.html');\ncy.get('input[name=\"first_name\"]').type(el.firstName);\ncy.get('input[name=\"last_name\"]').type(el.lastName);\ncy.get('input[name=\"email\"]').type(el.email);\ncy.get('textarea[name=\"message\"]').type(el.comments);\ncy.get('input[value=\"SUBMIT\"]').click();\ncy.get('h1').should('have.text', 'Thank You for your Message!');",
              "err": {},
              "uuid": "95d4cf2d-655b-4dee-bee8-5f71ca63ede1",
              "parentUUID": "5d936847-9f29-44f5-9f89-005aeb91ffef",
              "isHook": false,
              "skipped": false
            }
          ],
          "suites": [],
          "passes": [
            "6e9be998-a3f9-4417-b206-3edf72483b7e",
            "cfd491fa-8daf-403a-91f8-cdc5632d6705",
            "95d4cf2d-655b-4dee-bee8-5f71ca63ede1"
          ],
          "failures": [],
          "pending": [],
          "skipped": [],
          "duration": 33062,
          "root": false,
          "rootEmpty": false,
          "_timeout": 2000
        }
      ],
      "passes": [],
      "failures": [],
      "pending": [],
      "skipped": [],
      "duration": 0,
      "root": true,
      "rootEmpty": true,
      "_timeout": 2000
    }
  ],
  "meta": {
    "mocha": {
      "version": "7.0.1"
    },
    "mochawesome": {
      "options": {
        "quiet": false,
        "reportFilename": "mochawesome",
        "saveHtml": false,
        "saveJson": true,
        "consoleReporter": "spec",
        "useInlineDiffs": false,
        "code": true
      },
      "version": "7.1.3"
    },
    "marge": {
      "options": {
        "charts": true,
        "reportPageTitle": "custom-title",
        "embeddedScreenshots": true,
        "inlineAssets": true,
        "saveAllAttempts": false,
        "overwrite": false,
        "html": false,
        "json": true,
        "reportDir": "cypress\\reports\\html\\.jsons"
      },
      "version": "6.2.0"
    }
  }
}