{
  "stats": {
    "suites": 1,
    "tests": 1,
    "passes": 1,
    "pending": 0,
    "failures": 0,
    "start": "2023-02-07T10:24:34.181Z",
    "end": "2023-02-07T10:24:35.506Z",
    "duration": 1325,
    "testsRegistered": 1,
    "passPercent": 100,
    "pendingPercent": 0,
    "other": 0,
    "hasOther": false,
    "skipped": 0,
    "hasSkipped": false
  },
  "results": [
    {
      "uuid": "dc0fcfcf-d384-462e-b1ba-64b6f1ab8515",
      "title": "",
      "fullFile": "cypress\\e2e\\API\\GorestEtoE.cy.js",
      "file": "cypress\\e2e\\API\\GorestEtoE.cy.js",
      "beforeHooks": [],
      "afterHooks": [],
      "tests": [],
      "suites": [
        {
          "uuid": "ab500837-a275-4a03-aaee-25a9b902d8e1",
          "title": "verify the create update delete",
          "fullFile": "",
          "file": "",
          "beforeHooks": [],
          "afterHooks": [],
          "tests": [
            {
              "title": "POST > PUT > DELETE",
              "fullTitle": "verify the create update delete POST > PUT > DELETE",
              "timedOut": null,
              "duration": 1101,
              "state": "passed",
              "speed": "fast",
              "pass": true,
              "fail": false,
              "pending": false,
              "context": null,
              "code": "cy.request({\n  method: \"POST\",\n  url: \"https://gorest.co.in/public/v2/users\",\n  body: {\n    name: \"Tenali Ramakrishna\",\n    gender: \"male\",\n    email: `tenali.ramakrshna${Math.floor(Math.random() * 100000)}@145ce.com`,\n    status: \"active\"\n  },\n  headers: {\n    'Authorization': `Bearer ${accessToken}`\n  }\n}).then(function (res) {\n  // cy.log(res)\n  expect(res.status).to.eq(201);\n  return res.body.id;\n}).then(function (id) {\n  //cy.log(id)\n  cy.request({\n    method: \"PUT\",\n    url: `https://gorest.co.in/public/v2/users/${id}`,\n    headers: {\n      'Authorization': `Bearer ${accessToken}`\n    },\n    body: {\n      name: \"abhijit arnikar\",\n      gender: \"male\",\n      email: `allasani.peddana${Math.floor(Math.random() * 100000)}@15ce.com`,\n      status: \"active\"\n    }\n  }).then(res => {\n    //cy.log(res)\n    expect(res.status).to.eq(200);\n    return res.body.id;\n  }).then(id => {\n    //cy.log(id)\n    cy.request({\n      method: \"DELETE\",\n      url: `https://gorest.co.in/public/v2/users/${id}`,\n      headers: {\n        'Authorization': `Bearer ${accessToken}`\n      }\n    }).then(res => {\n      cy.log(res);\n      expect(res.status).to.eq(204);\n    });\n  });\n});",
              "err": {},
              "uuid": "f268a3d6-65eb-438f-a771-047b57c971d8",
              "parentUUID": "ab500837-a275-4a03-aaee-25a9b902d8e1",
              "isHook": false,
              "skipped": false
            }
          ],
          "suites": [],
          "passes": [
            "f268a3d6-65eb-438f-a771-047b57c971d8"
          ],
          "failures": [],
          "pending": [],
          "skipped": [],
          "duration": 1101,
          "root": false,
          "rootEmpty": false,
          "_timeout": 2000
        }
      ],
      "passes": [],
      "failures": [],
      "pending": [],
      "skipped": [],
      "duration": 0,
      "root": true,
      "rootEmpty": true,
      "_timeout": 2000
    }
  ],
  "meta": {
    "mocha": {
      "version": "7.0.1"
    },
    "mochawesome": {
      "options": {
        "quiet": false,
        "reportFilename": "mochawesome",
        "saveHtml": false,
        "saveJson": true,
        "consoleReporter": "spec",
        "useInlineDiffs": false,
        "code": true
      },
      "version": "7.1.3"
    },
    "marge": {
      "options": {
        "charts": true,
        "reportPageTitle": "custom-title",
        "embeddedScreenshots": true,
        "inlineAssets": true,
        "saveAllAttempts": false,
        "overwrite": false,
        "html": false,
        "json": true,
        "reportDir": "cypress\\reports\\html\\.jsons"
      },
      "version": "6.2.0"
    }
  }
}