{
  "stats": {
    "suites": 1,
    "tests": 1,
    "passes": 0,
    "pending": 0,
    "failures": 1,
    "start": "2023-02-07T10:46:45.911Z",
    "end": "2023-02-07T10:47:08.354Z",
    "duration": 22443,
    "testsRegistered": 1,
    "passPercent": 0,
    "pendingPercent": 0,
    "other": 0,
    "hasOther": false,
    "skipped": 0,
    "hasSkipped": false
  },
  "results": [
    {
      "uuid": "a5a28805-5c74-4d9b-a7c3-cac1f27efe63",
      "title": "",
      "fullFile": "cypress\\e2e\\POMlogin\\login.cy.js",
      "file": "cypress\\e2e\\POMlogin\\login.cy.js",
      "beforeHooks": [],
      "afterHooks": [],
      "tests": [],
      "suites": [
        {
          "uuid": "50127447-2d89-4b97-a229-2ff14332095e",
          "title": "verify the login functionality",
          "fullFile": "",
          "file": "",
          "beforeHooks": [],
          "afterHooks": [],
          "tests": [
            {
              "title": "verify with valid credentials",
              "fullTitle": "verify the login functionality verify with valid credentials",
              "timedOut": null,
              "duration": 3431,
              "state": "failed",
              "speed": null,
              "pass": false,
              "fail": true,
              "pending": false,
              "context": "{\n  \"title\": \"cypress-mochawesome-reporter-screenshots\",\n  \"value\": [\n    [\n      {\n        \"title\": \"Failed screenshot\",\n        \"value\": \"\\\\POMlogin\\\\login.cy.js\\\\verify the login functionality -- verify with valid credentials (failed).png\"\n      }\n    ]\n  ]\n}",
              "code": "login.visit();\nlogin.validLogin('standard_user', 'secret_sauce');",
              "err": {
                "message": "SecurityError: Blocked a frame with origin \"https://www.saucedemo.com\" from accessing a cross-origin frame.",
                "estack": "SecurityError: Blocked a frame with origin \"https://www.saucedemo.com\" from accessing a cross-origin frame.\nError: Blocked a frame with origin \"https://www.saucedemo.com\" from accessing a cross-origin frame.\n    at setWindowDocumentProps (https://www.saucedemo.com/__cypress/runner/cypress_runner.js:156597:42)\n    at HTMLIFrameElement.<anonymous> (https://www.saucedemo.com/__cypress/runner/cypress_runner.js:156993:9)\n    at HTMLIFrameElement.dispatch (https://www.saucedemo.com/__cypress/runner/cypress_runner.js:95463:27)\n    at elemData.handle (https://www.saucedemo.com/__cypress/runner/cypress_runner.js:95271:28)",
                "diff": null
              },
              "uuid": "29d03ab2-8f31-4ad0-8837-3ce5e0e20293",
              "parentUUID": "50127447-2d89-4b97-a229-2ff14332095e",
              "isHook": false,
              "skipped": false
            }
          ],
          "suites": [],
          "passes": [],
          "failures": [
            "29d03ab2-8f31-4ad0-8837-3ce5e0e20293"
          ],
          "pending": [],
          "skipped": [],
          "duration": 3431,
          "root": false,
          "rootEmpty": false,
          "_timeout": 2000
        }
      ],
      "passes": [],
      "failures": [],
      "pending": [],
      "skipped": [],
      "duration": 0,
      "root": true,
      "rootEmpty": true,
      "_timeout": 2000
    }
  ],
  "meta": {
    "mocha": {
      "version": "7.0.1"
    },
    "mochawesome": {
      "options": {
        "quiet": false,
        "reportFilename": "mochawesome",
        "saveHtml": false,
        "saveJson": true,
        "consoleReporter": "spec",
        "useInlineDiffs": false,
        "code": true
      },
      "version": "7.1.3"
    },
    "marge": {
      "options": {
        "charts": true,
        "reportPageTitle": "custom-title",
        "embeddedScreenshots": true,
        "inlineAssets": true,
        "saveAllAttempts": false,
        "overwrite": false,
        "html": false,
        "json": true,
        "reportDir": "cypress\\reports\\html\\.jsons"
      },
      "version": "6.2.0"
    }
  }
}