{
  "stats": {
    "suites": 1,
    "tests": 3,
    "passes": 3,
    "pending": 0,
    "failures": 0,
    "start": "2023-02-07T10:11:05.951Z",
    "end": "2023-02-07T10:11:26.735Z",
    "duration": 20784,
    "testsRegistered": 3,
    "passPercent": 100,
    "pendingPercent": 0,
    "other": 0,
    "hasOther": false,
    "skipped": 0,
    "hasSkipped": false
  },
  "results": [
    {
      "uuid": "8f9b1205-89f1-4c55-96c6-fcdf3a22a94f",
      "title": "",
      "fullFile": "cypress\\e2e\\iframe.cy.js",
      "file": "cypress\\e2e\\iframe.cy.js",
      "beforeHooks": [],
      "afterHooks": [],
      "tests": [],
      "suites": [
        {
          "uuid": "c342726d-50df-455e-838d-23469b5b1066",
          "title": "verify the iframe in cypress",
          "fullFile": "",
          "file": "",
          "beforeHooks": [],
          "afterHooks": [],
          "tests": [
            {
              "title": "verify the iframe by Jquery",
              "fullTitle": "verify the iframe in cypress verify the iframe by Jquery",
              "timedOut": null,
              "duration": 7247,
              "state": "passed",
              "speed": "medium",
              "pass": true,
              "fail": false,
              "pending": false,
              "context": null,
              "code": "cy.visit('http://www.webdriveruniversity.com/IFrame/index.html'); //cy.get('a[href=\"index.html\"]').should('have.text', 'Home')\n// find the iframe\n// apply jquery method apple \n// reach the body if iframe document body \n// then reach out to element \ncy.get('[id=\"frame\"]').then(function ($iframe) {\n  const body = $iframe.contents().find('body');\n  cy.wrap(body).as('body');\n  cy.get('@body').find('[href=\"index.html\"]').should('be.visible');\n});",
              "err": {},
              "uuid": "dfb5aa75-a60e-4da7-9401-4a191e90cc8d",
              "parentUUID": "c342726d-50df-455e-838d-23469b5b1066",
              "isHook": false,
              "skipped": false
            },
            {
              "title": "verify the iframe by javascript",
              "fullTitle": "verify the iframe in cypress verify the iframe by javascript",
              "timedOut": null,
              "duration": 3202,
              "state": "passed",
              "speed": "fast",
              "pass": true,
              "fail": false,
              "pending": false,
              "context": null,
              "code": "cy.visit('http://www.webdriveruniversity.com/IFrame/index.html');\ncy.get('[id=\"frame\"]').then(function (el) {\n  let body = el[0].contentDocument.body;\n  cy.wrap(body).as('body');\n  cy.get('@body').find('[href=\"index.html\"]').should('have.text', 'Home');\n});",
              "err": {},
              "uuid": "dd1fa008-f96c-48f5-87c8-355567630b78",
              "parentUUID": "c342726d-50df-455e-838d-23469b5b1066",
              "isHook": false,
              "skipped": false
            },
            {
              "title": "verify the ifram via javascript",
              "fullTitle": "verify the iframe in cypress verify the ifram via javascript",
              "timedOut": null,
              "duration": 2677,
              "state": "passed",
              "speed": "fast",
              "pass": true,
              "fail": false,
              "pending": false,
              "context": null,
              "code": "cy.visit('http://www.webdriveruniversity.com/IFrame/index.html');\ngetIframeBody('frame').find('a[href=\"index.html\"]').should('have.text', 'Home');",
              "err": {},
              "uuid": "d791c7a7-ce10-4cc0-a5b1-7fbede8fa566",
              "parentUUID": "c342726d-50df-455e-838d-23469b5b1066",
              "isHook": false,
              "skipped": false
            }
          ],
          "suites": [],
          "passes": [
            "dfb5aa75-a60e-4da7-9401-4a191e90cc8d",
            "dd1fa008-f96c-48f5-87c8-355567630b78",
            "d791c7a7-ce10-4cc0-a5b1-7fbede8fa566"
          ],
          "failures": [],
          "pending": [],
          "skipped": [],
          "duration": 13126,
          "root": false,
          "rootEmpty": false,
          "_timeout": 2000
        }
      ],
      "passes": [],
      "failures": [],
      "pending": [],
      "skipped": [],
      "duration": 0,
      "root": true,
      "rootEmpty": true,
      "_timeout": 2000
    }
  ],
  "meta": {
    "mocha": {
      "version": "7.0.1"
    },
    "mochawesome": {
      "options": {
        "quiet": false,
        "reportFilename": "mochawesome",
        "saveHtml": false,
        "saveJson": true,
        "consoleReporter": "spec",
        "useInlineDiffs": false,
        "code": true
      },
      "version": "7.1.3"
    },
    "marge": {
      "options": {
        "charts": true,
        "reportPageTitle": "custom-title",
        "embeddedScreenshots": true,
        "inlineAssets": true,
        "saveAllAttempts": false,
        "overwrite": false,
        "html": false,
        "json": true,
        "reportDir": "cypress\\reports\\html\\.jsons"
      },
      "version": "6.2.0"
    }
  }
}