{
  "stats": {
    "suites": 1,
    "tests": 2,
    "passes": 2,
    "pending": 0,
    "failures": 0,
    "start": "2023-02-07T10:21:36.952Z",
    "end": "2023-02-07T10:22:06.154Z",
    "duration": 29202,
    "testsRegistered": 2,
    "passPercent": 100,
    "pendingPercent": 0,
    "other": 0,
    "hasOther": false,
    "skipped": 0,
    "hasSkipped": false
  },
  "results": [
    {
      "uuid": "499d4855-65a1-4059-96b6-38dfa2f1f5f8",
      "title": "",
      "fullFile": "cypress\\e2e\\table.cy.js",
      "file": "cypress\\e2e\\table.cy.js",
      "beforeHooks": [],
      "afterHooks": [],
      "tests": [],
      "suites": [
        {
          "uuid": "47c664bc-56d8-4f35-83cc-be4ec999a2f6",
          "title": "verify the functionality of table in cypress",
          "fullFile": "",
          "file": "",
          "beforeHooks": [],
          "afterHooks": [],
          "tests": [
            {
              "title": "verify the first table",
              "fullTitle": "verify the functionality of table in cypress verify the first table",
              "timedOut": null,
              "duration": 6517,
              "state": "passed",
              "speed": "medium",
              "pass": true,
              "fail": false,
              "pending": false,
              "context": null,
              "code": "cy.visit('http://www.webdriveruniversity.com/Data-Table/index.html');\nlet sum = 0;\ncy.get('[id=\"t02\"]').find('tr').each((el, index) => {\n  if (index != 0) {\n    //cy.log(el)\n    //cy.log(el.children('td').last().text())\n    sum = sum + Number(el.children('td').last().text());\n  }\n}).then(function () {\n  cy.log(sum);\n  expect(sum).to.eq(163);\n});",
              "err": {},
              "uuid": "a9a632f0-0ff4-4b0a-b89a-7af284a3602f",
              "parentUUID": "47c664bc-56d8-4f35-83cc-be4ec999a2f6",
              "isHook": false,
              "skipped": false
            },
            {
              "title": "verify the  table via utility",
              "fullTitle": "verify the functionality of table in cypress verify the  table via utility",
              "timedOut": null,
              "duration": 7432,
              "state": "passed",
              "speed": "medium",
              "pass": true,
              "fail": false,
              "pending": false,
              "context": null,
              "code": "cy.visit('http://www.webdriveruniversity.com/Data-Table/index.html');\ncy.validateTable(1, 159);\ncy.validateTable(2, 163);",
              "err": {},
              "uuid": "245b6f64-7979-48a6-b907-713e5e4ff8f2",
              "parentUUID": "47c664bc-56d8-4f35-83cc-be4ec999a2f6",
              "isHook": false,
              "skipped": false
            }
          ],
          "suites": [],
          "passes": [
            "a9a632f0-0ff4-4b0a-b89a-7af284a3602f",
            "245b6f64-7979-48a6-b907-713e5e4ff8f2"
          ],
          "failures": [],
          "pending": [],
          "skipped": [],
          "duration": 13949,
          "root": false,
          "rootEmpty": false,
          "_timeout": 2000
        }
      ],
      "passes": [],
      "failures": [],
      "pending": [],
      "skipped": [],
      "duration": 0,
      "root": true,
      "rootEmpty": true,
      "_timeout": 2000
    }
  ],
  "meta": {
    "mocha": {
      "version": "7.0.1"
    },
    "mochawesome": {
      "options": {
        "quiet": false,
        "reportFilename": "mochawesome",
        "saveHtml": false,
        "saveJson": true,
        "consoleReporter": "spec",
        "useInlineDiffs": false,
        "code": true
      },
      "version": "7.1.3"
    },
    "marge": {
      "options": {
        "charts": true,
        "reportPageTitle": "custom-title",
        "embeddedScreenshots": true,
        "inlineAssets": true,
        "saveAllAttempts": false,
        "overwrite": false,
        "html": false,
        "json": true,
        "reportDir": "cypress\\reports\\html\\.jsons"
      },
      "version": "6.2.0"
    }
  }
}