{
  "stats": {
    "suites": 1,
    "tests": 1,
    "passes": 1,
    "pending": 0,
    "failures": 0,
    "start": "2023-02-07T10:09:45.073Z",
    "end": "2023-02-07T10:10:14.833Z",
    "duration": 29760,
    "testsRegistered": 1,
    "passPercent": 100,
    "pendingPercent": 0,
    "other": 0,
    "hasOther": false,
    "skipped": 0,
    "hasSkipped": false
  },
  "results": [
    {
      "uuid": "6f6606b0-04b1-4d7c-ab68-7d1ce3bde46d",
      "title": "",
      "fullFile": "cypress\\e2e\\DatePicker.cy.js",
      "file": "cypress\\e2e\\DatePicker.cy.js",
      "beforeHooks": [],
      "afterHooks": [],
      "tests": [],
      "suites": [
        {
          "uuid": "c8833b29-87b0-436f-aef0-288c5974d676",
          "title": "verify the funcitonality of DatePicker in cypress",
          "fullFile": "",
          "file": "",
          "beforeHooks": [],
          "afterHooks": [],
          "tests": [
            {
              "title": "verify the date Selection in cypress",
              "fullTitle": "verify the funcitonality of DatePicker in cypress verify the date Selection in cypress",
              "timedOut": null,
              "duration": 18729,
              "state": "passed",
              "speed": "slow",
              "pass": true,
              "fail": false,
              "pending": false,
              "context": null,
              "code": "// let date = new Date()\n// let year = date.getFullYear()\n// let month = date.getMonth()\n// let daydate = date.getDate()\n// cy.log(year)\n// cy.log(month)\n// cy.log(daydate)\nlet date2 = new Date();\ndate2.setDate(date2.getDate() + 365);\nlet year = date2.getFullYear();\nlet month = date2.toLocaleString(\"default\", {\n  month: \"long\"\n});\nlet daydate = date2.getDate();\ncy.log(year);\ncy.log(month);\ncy.log(daydate);\ncy.visit(\"http://www.webdriveruniversity.com/Datepicker/index.html\");\ncy.get('#datepicker').click(); // select Year \n// select month \n// select date \nfunction SelectMonthandYear() {\n  cy.get(\".datepicker-switch\").first().then(function ($el) {\n    //cy.log($el.text())\n    if (!$el.text().includes(year)) {\n      cy.get('.next').first().click();\n      SelectMonthandYear();\n    }\n  }).then(() => {\n    cy.get(\".datepicker-switch\").first().then(function ($el) {\n      //cy.log($el.text())\n      if (!$el.text().includes(year)) {\n        cy.get('.next').first().click();\n        SelectMonthandYear();\n      }\n    });\n  });\n}\nSelectMonthandYear();\nfunction selectdate() {\n  cy.get('td[class=\"day\"]').contains(daydate).click();\n}\nselectdate();",
              "err": {},
              "uuid": "3f15513c-fdf3-4024-8312-6872cf707bbb",
              "parentUUID": "c8833b29-87b0-436f-aef0-288c5974d676",
              "isHook": false,
              "skipped": false
            }
          ],
          "suites": [],
          "passes": [
            "3f15513c-fdf3-4024-8312-6872cf707bbb"
          ],
          "failures": [],
          "pending": [],
          "skipped": [],
          "duration": 18729,
          "root": false,
          "rootEmpty": false,
          "_timeout": 2000
        }
      ],
      "passes": [],
      "failures": [],
      "pending": [],
      "skipped": [],
      "duration": 0,
      "root": true,
      "rootEmpty": true,
      "_timeout": 2000
    }
  ],
  "meta": {
    "mocha": {
      "version": "7.0.1"
    },
    "mochawesome": {
      "options": {
        "quiet": false,
        "reportFilename": "mochawesome",
        "saveHtml": false,
        "saveJson": true,
        "consoleReporter": "spec",
        "useInlineDiffs": false,
        "code": true
      },
      "version": "7.1.3"
    },
    "marge": {
      "options": {
        "charts": true,
        "reportPageTitle": "custom-title",
        "embeddedScreenshots": true,
        "inlineAssets": true,
        "saveAllAttempts": false,
        "overwrite": false,
        "html": false,
        "json": true,
        "reportDir": "cypress\\reports\\html\\.jsons"
      },
      "version": "6.2.0"
    }
  }
}