{
  "stats": {
    "suites": 1,
    "tests": 1,
    "passes": 1,
    "pending": 0,
    "failures": 0,
    "start": "2023-02-07T10:34:06.923Z",
    "end": "2023-02-07T10:35:31.094Z",
    "duration": 84171,
    "testsRegistered": 1,
    "passPercent": 100,
    "pendingPercent": 0,
    "other": 0,
    "hasOther": false,
    "skipped": 0,
    "hasSkipped": false
  },
  "results": [
    {
      "uuid": "1029a5b5-4ec6-47b5-a973-102d63c8e02c",
      "title": "",
      "fullFile": "cypress\\e2e\\HappiestMinds\\login2.cy.js",
      "file": "cypress\\e2e\\HappiestMinds\\login2.cy.js",
      "beforeHooks": [],
      "afterHooks": [],
      "tests": [],
      "suites": [
        {
          "uuid": "d0dbded3-3c12-4ead-992c-c064d369926b",
          "title": "verify the login functionality ",
          "fullFile": "",
          "file": "",
          "beforeHooks": [],
          "afterHooks": [],
          "tests": [
            {
              "title": "verify with valid credentials {regression}",
              "fullTitle": "verify the login functionality  verify with valid credentials {regression}",
              "timedOut": null,
              "duration": 69407,
              "state": "passed",
              "speed": "slow",
              "pass": true,
              "fail": false,
              "pending": false,
              "context": null,
              "code": "cy.visit('https://www.zoomin.com/sign-in?%2F');\ncy.get('input[name=\"email\"]').type('abhiarnikar725@gmail.com');\ncy.get('input[name=\"password\"]').type('abhi@123');\ncy.get('button[type=\"submit\"]').click();\ncy.wait(5000);\ncy.get('img[title=\"Zoomin\"]').should('be.visible');\ncy.get('img[class=\"MuiAvatar-img\"]').should('be.visible');",
              "err": {},
              "uuid": "ce466cce-7c39-43f7-855e-50a45d4121c9",
              "parentUUID": "d0dbded3-3c12-4ead-992c-c064d369926b",
              "isHook": false,
              "skipped": false
            }
          ],
          "suites": [],
          "passes": [
            "ce466cce-7c39-43f7-855e-50a45d4121c9"
          ],
          "failures": [],
          "pending": [],
          "skipped": [],
          "duration": 69407,
          "root": false,
          "rootEmpty": false,
          "_timeout": 2000
        }
      ],
      "passes": [],
      "failures": [],
      "pending": [],
      "skipped": [],
      "duration": 0,
      "root": true,
      "rootEmpty": true,
      "_timeout": 2000
    }
  ],
  "meta": {
    "mocha": {
      "version": "7.0.1"
    },
    "mochawesome": {
      "options": {
        "quiet": false,
        "reportFilename": "mochawesome",
        "saveHtml": false,
        "saveJson": true,
        "consoleReporter": "spec",
        "useInlineDiffs": false,
        "code": true
      },
      "version": "7.1.3"
    },
    "marge": {
      "options": {
        "charts": true,
        "reportPageTitle": "custom-title",
        "embeddedScreenshots": true,
        "inlineAssets": true,
        "saveAllAttempts": false,
        "overwrite": false,
        "html": false,
        "json": true,
        "reportDir": "cypress\\reports\\html\\.jsons"
      },
      "version": "6.2.0"
    }
  }
}