{
  "stats": {
    "suites": 1,
    "tests": 5,
    "passes": 5,
    "pending": 0,
    "failures": 0,
    "start": "2023-02-07T10:43:03.046Z",
    "end": "2023-02-07T10:44:03.232Z",
    "duration": 60186,
    "testsRegistered": 5,
    "passPercent": 100,
    "pendingPercent": 0,
    "other": 0,
    "hasOther": false,
    "skipped": 0,
    "hasSkipped": false
  },
  "results": [
    {
      "uuid": "36af7864-d90b-40f0-8e25-edd85c947531",
      "title": "",
      "fullFile": "cypress\\e2e\\Intercept\\intercept2.cy.js",
      "file": "cypress\\e2e\\Intercept\\intercept2.cy.js",
      "beforeHooks": [],
      "afterHooks": [],
      "tests": [],
      "suites": [
        {
          "uuid": "536c2fb6-7715-4278-82fb-6cf7103a3db4",
          "title": "verify the intercept concept",
          "fullFile": "",
          "file": "",
          "beforeHooks": [],
          "afterHooks": [],
          "tests": [
            {
              "title": "verify the GET concept",
              "fullTitle": "verify the intercept concept verify the GET concept",
              "timedOut": null,
              "duration": 16832,
              "state": "passed",
              "speed": "slow",
              "pass": true,
              "fail": false,
              "pending": false,
              "context": null,
              "code": "cy.intercept({\n  method: \"GET\",\n  url: \"https://jsonplaceholder.cypress.io/comments/1\"\n}).as('getComment');\ncy.visit('https://example.cypress.io/commands/network-requests');\ncy.contains('Get Comment').click();\ncy.wait('@getComment').then(function ({\n  response,\n  request\n}) {\n  cy.log(response);\n  cy.log(request);\n  cy.get('.network-comment').should('have.text', response.body.body);\n  expect(response.statusCode).to.eq(200);\n  expect(request.method).to.eq('GET');\n});",
              "err": {},
              "uuid": "0d324291-4770-48b2-a127-1b6dff8a96e6",
              "parentUUID": "536c2fb6-7715-4278-82fb-6cf7103a3db4",
              "isHook": false,
              "skipped": false
            },
            {
              "title": "verify the GET concept",
              "fullTitle": "verify the intercept concept verify the GET concept",
              "timedOut": null,
              "duration": 5495,
              "state": "passed",
              "speed": "medium",
              "pass": true,
              "fail": false,
              "pending": false,
              "context": null,
              "code": "cy.intercept({\n  method: \"GET\",\n  url: \"https://jsonplaceholder.cypress.io/comments/1\"\n}, {\n  body: {\n    \"body\": \"i am learing javascript\",\n    \"email\": \"Eliseo@gardner.biz\",\n    \"id\": 25,\n    \"name\": \"id labore ex et quam laborum\",\n    \"postId\": 7\n  }\n}).as('getComment');\ncy.visit('https://example.cypress.io/commands/network-requests');\ncy.contains('Get Comment').click();\ncy.wait('@getComment').then(function ({\n  response,\n  request\n}) {\n  cy.log(response);\n  cy.log(request);\n  cy.get('.network-comment').should('have.text', response.body.body);\n  expect(response.statusCode).to.eq(200);\n  expect(request.method).to.eq('GET');\n});",
              "err": {},
              "uuid": "62479fe5-dc92-4e3e-bf4d-20879f23fb37",
              "parentUUID": "536c2fb6-7715-4278-82fb-6cf7103a3db4",
              "isHook": false,
              "skipped": false
            },
            {
              "title": "verify the POST comment",
              "fullTitle": "verify the intercept concept verify the POST comment",
              "timedOut": null,
              "duration": 2497,
              "state": "passed",
              "speed": "fast",
              "pass": true,
              "fail": false,
              "pending": false,
              "context": null,
              "code": "cy.intercept({\n  method: \"POST\",\n  url: \"https://jsonplaceholder.cypress.io/comments\"\n}).as('postComment');\ncy.visit(\"https://example.cypress.io/commands/network-requests\");\ncy.contains('Post Comment').click();\ncy.wait('@postComment').then(function ({\n  response,\n  request\n}) {\n  cy.log(response);\n  cy.log(request);\n  expect(response.statusCode).to.eq(201);\n  expect(response.body).to.have.keys(['email', 'id', 'body', 'name']);\n  expect(request.method).to.eq('POST');\n  cy.get('.network-post-comment').should('have.text', 'POST successful!');\n});",
              "err": {},
              "uuid": "b2d451ab-349e-4249-9974-561338a37e69",
              "parentUUID": "536c2fb6-7715-4278-82fb-6cf7103a3db4",
              "isHook": false,
              "skipped": false
            },
            {
              "title": "verify the PUT comment",
              "fullTitle": "verify the intercept concept verify the PUT comment",
              "timedOut": null,
              "duration": 2663,
              "state": "passed",
              "speed": "fast",
              "pass": true,
              "fail": false,
              "pending": false,
              "context": null,
              "code": "cy.intercept({\n  method: \"PUT\",\n  url: \"https://jsonplaceholder.cypress.io/comments/1\"\n}).as('putComment');\ncy.visit(\"https://example.cypress.io/commands/network-requests\");\ncy.contains('Update Comment').click();\ncy.wait('@putComment').then(function ({\n  response,\n  request\n}) {\n  cy.log(response);\n  cy.log(request);\n  expect(response.statusCode).to.eq(200);\n  expect(response.body).to.have.keys(['email', 'id', 'body', 'name']);\n  expect(request.method).to.eq('PUT');\n});",
              "err": {},
              "uuid": "e65606e1-8a62-41cf-aa98-0de719435c73",
              "parentUUID": "536c2fb6-7715-4278-82fb-6cf7103a3db4",
              "isHook": false,
              "skipped": false
            },
            {
              "title": "verify the PUT comment",
              "fullTitle": "verify the intercept concept verify the PUT comment",
              "timedOut": null,
              "duration": 2714,
              "state": "passed",
              "speed": "fast",
              "pass": true,
              "fail": false,
              "pending": false,
              "context": null,
              "code": "cy.intercept({\n  method: \"PUT\",\n  url: \"https://jsonplaceholder.cypress.io/comments/1\"\n}, {\n  body: {\n    \"body\": \"I am learning cypress\",\n    \"email\": \"abhi@cypress.io\",\n    \"id\": 25,\n    \"name\": \"Using PUT in cy.intercept()\"\n  }\n}).as('putComment');\ncy.visit(\"https://example.cypress.io/commands/network-requests\");\ncy.contains('Update Comment').click();\ncy.wait('@putComment').then(function ({\n  response,\n  request\n}) {\n  cy.log(response);\n  cy.log(request);\n  expect(response.statusCode).to.eq(200);\n  expect(response.body).to.have.keys(['email', 'id', 'body', 'name']);\n  expect(request.method).to.eq('PUT');\n});",
              "err": {},
              "uuid": "6c44a706-26d6-42d9-a0b2-291c48ced410",
              "parentUUID": "536c2fb6-7715-4278-82fb-6cf7103a3db4",
              "isHook": false,
              "skipped": false
            }
          ],
          "suites": [],
          "passes": [
            "0d324291-4770-48b2-a127-1b6dff8a96e6",
            "62479fe5-dc92-4e3e-bf4d-20879f23fb37",
            "b2d451ab-349e-4249-9974-561338a37e69",
            "e65606e1-8a62-41cf-aa98-0de719435c73",
            "6c44a706-26d6-42d9-a0b2-291c48ced410"
          ],
          "failures": [],
          "pending": [],
          "skipped": [],
          "duration": 30201,
          "root": false,
          "rootEmpty": false,
          "_timeout": 2000
        }
      ],
      "passes": [],
      "failures": [],
      "pending": [],
      "skipped": [],
      "duration": 0,
      "root": true,
      "rootEmpty": true,
      "_timeout": 2000
    }
  ],
  "meta": {
    "mocha": {
      "version": "7.0.1"
    },
    "mochawesome": {
      "options": {
        "quiet": false,
        "reportFilename": "mochawesome",
        "saveHtml": false,
        "saveJson": true,
        "consoleReporter": "spec",
        "useInlineDiffs": false,
        "code": true
      },
      "version": "7.1.3"
    },
    "marge": {
      "options": {
        "charts": true,
        "reportPageTitle": "custom-title",
        "embeddedScreenshots": true,
        "inlineAssets": true,
        "saveAllAttempts": false,
        "overwrite": false,
        "html": false,
        "json": true,
        "reportDir": "cypress\\reports\\html\\.jsons"
      },
      "version": "6.2.0"
    }
  }
}